<?xml version="1.0" encoding="UTF-8"?>
<!-- Generated by org.testng.reporters.JUnitXMLReporter -->
<testsuite hostname="d01tmc002" name="Default test" tests="7" failures="0" timestamp="13 Jul 2018 12:40:16 GMT" time="27.8" errors="0">
  <testcase name="driverIntialize" time="2.703" classname="Sample.makeMyTrip"/>
  <testcase name="url" time="6.778" classname="Sample.makeMyTrip"/>
  <testcase name="fromField" time="2.639" classname="Sample.makeMyTrip"/>
  <testcase name="toField" time="4.424" classname="Sample.makeMyTrip"/>
  <testcase name="departureDate" time="2.294" classname="Sample.makeMyTrip"/>
  <testcase name="returnDate" time="4.504" classname="Sample.makeMyTrip"/>
  <testcase name="passengersClick" time="4.447" classname="Sample.makeMyTrip"/>
</testsuite> <!-- Default test -->
