<?xml version="1.0" encoding="UTF-8"?>
<testng-results skipped="0" failed="0" total="7" passed="7">
  <reporter-output>
  </reporter-output>
  <suite name="Default suite" duration-ms="27800" started-at="2018-07-13T12:39:48Z" finished-at="2018-07-13T12:40:16Z">
    <groups>
    </groups>
    <test name="Default test" duration-ms="27800" started-at="2018-07-13T12:39:48Z" finished-at="2018-07-13T12:40:16Z">
      <class name="Sample.makeMyTrip">
        <test-method status="PASS" signature="driverIntialize()[pri:0, instance:Sample.makeMyTrip@6d78f375]" name="driverIntialize" duration-ms="2703" started-at="2018-07-13T13:39:48Z" finished-at="2018-07-13T13:39:50Z">
          <reporter-output>
          </reporter-output>
        </test-method> <!-- driverIntialize -->
        <test-method status="PASS" signature="url()[pri:0, instance:Sample.makeMyTrip@6d78f375]" name="url" duration-ms="6778" started-at="2018-07-13T13:39:50Z" finished-at="2018-07-13T13:39:57Z">
          <reporter-output>
          </reporter-output>
        </test-method> <!-- url -->
        <test-method status="PASS" signature="fromField()[pri:0, instance:Sample.makeMyTrip@6d78f375]" name="fromField" duration-ms="2639" started-at="2018-07-13T13:39:57Z" finished-at="2018-07-13T13:40:00Z">
          <reporter-output>
          </reporter-output>
        </test-method> <!-- fromField -->
        <test-method status="PASS" signature="toField()[pri:0, instance:Sample.makeMyTrip@6d78f375]" name="toField" duration-ms="4424" started-at="2018-07-13T13:40:00Z" finished-at="2018-07-13T13:40:04Z">
          <reporter-output>
          </reporter-output>
        </test-method> <!-- toField -->
        <test-method status="PASS" signature="departureDate()[pri:0, instance:Sample.makeMyTrip@6d78f375]" name="departureDate" duration-ms="2294" started-at="2018-07-13T13:40:04Z" finished-at="2018-07-13T13:40:07Z">
          <reporter-output>
          </reporter-output>
        </test-method> <!-- departureDate -->
        <test-method status="PASS" signature="returnDate()[pri:0, instance:Sample.makeMyTrip@6d78f375]" name="returnDate" duration-ms="4504" started-at="2018-07-13T13:40:07Z" finished-at="2018-07-13T13:40:11Z">
          <reporter-output>
          </reporter-output>
        </test-method> <!-- returnDate -->
        <test-method status="PASS" signature="passengersClick()[pri:0, instance:Sample.makeMyTrip@6d78f375]" name="passengersClick" duration-ms="4447" started-at="2018-07-13T13:40:11Z" finished-at="2018-07-13T13:40:16Z">
          <reporter-output>
          </reporter-output>
        </test-method> <!-- passengersClick -->
      </class> <!-- Sample.makeMyTrip -->
    </test> <!-- Default test -->
  </suite> <!-- Default suite -->
</testng-results>
